{"uid":"56f503434285d894","name":"test_search_capital_keyword","fullName":"POM.test.test_keyword_search.TestAuthenticationPage#test_search_capital_keyword","historyId":"e320db557240d1262785be9cadc80641","time":{"start":1769904151037,"stop":1769904156796,"duration":5759},"status":"broken","statusMessage":"selenium.common.exceptions.TimeoutException: Message: \nStacktrace:\n#0 0x559735d28afa <unknown>\n#1 0x55973574260f <unknown>\n#2 0x559735797a16 <unknown>\n#3 0x559735797c51 <unknown>\n#4 0x5597357e3404 <unknown>\n#5 0x5597357e062b <unknown>\n#6 0x559735789842 <unknown>\n#7 0x55973578a631 <unknown>\n#8 0x559735cee689 <unknown>\n#9 0x559735cf1581 <unknown>\n#10 0x559735cdaca9 <unknown>\n#11 0x559735cf213e <unknown>\n#12 0x559735cc13a0 <unknown>\n#13 0x559735d15fc8 <unknown>\n#14 0x559735d1619b <unknown>\n#15 0x559735d27e68 <unknown>\n#16 0x7f1bbfe9caa4 <unknown>\n#17 0x7f1bbff29c6c <unknown>","statusTrace":"self = <POM.test.test_keyword_search.TestAuthenticationPage object at 0x7fa4053a4910>\n\n    @allure.tag(\"keyword\", \"search\", \"negative\")\n    def test_search_capital_keyword(self):\n        self.filtered_search_page.visit()\n        self.filtered_search_page.get_input_keyword_search().send_keys('Lobster')\n        self.filtered_search_page.get_button_keyword_search().click()\n>       print(self.filtered_search_page.get_first_displayed_recipe_title())\n              ^^^^^^^^^^^^^^^^^^^^^^^^^^^^^^^^^^^^^^^^^^^^^^^^^^^^^^^^^^^^\n\nPOM/test/test_keyword_search.py:33: \n_ _ _ _ _ _ _ _ _ _ _ _ _ _ _ _ _ _ _ _ _ _ _ _ _ _ _ _ _ _ _ _ _ _ _ _ _ _ _ _ \nPOM/pages/FilteredSearchPage.py:21: in get_first_displayed_recipe_title\n    return WebDriverWait(self.browser, 5).until(EC.visibility_of_element_located((By.XPATH, '//h2[@class=\"recipe-title\"]'))).text\n           ^^^^^^^^^^^^^^^^^^^^^^^^^^^^^^^^^^^^^^^^^^^^^^^^^^^^^^^^^^^^^^^^^^^^^^^^^^^^^^^^^^^^^^^^^^^^^^^^^^^^^^^^^^^^^^^^^\n_ _ _ _ _ _ _ _ _ _ _ _ _ _ _ _ _ _ _ _ _ _ _ _ _ _ _ _ _ _ _ _ _ _ _ _ _ _ _ _ \n\nself = <selenium.webdriver.support.wait.WebDriverWait (session=\"ae5e72703fe7f6522d52bcadc0140013\")>\nmethod = <function visibility_of_element_located.<locals>._predicate at 0x7fa4053cdda0>\nmessage = ''\n\n    def until(self, method: Callable[[D], Literal[False] | T], message: str = \"\") -> T:\n        \"\"\"Wait until the method returns a value that is not False.\n    \n        Calls the method provided with the driver as an argument until the\n        return value does not evaluate to ``False``.\n    \n        Args:\n            method: A callable object that takes a WebDriver instance as an\n                argument.\n            message: Optional message for TimeoutException.\n    \n        Returns:\n            The result of the last call to `method`.\n    \n        Raises:\n            TimeoutException: If 'method' does not return a truthy value within\n                the WebDriverWait object's timeout.\n    \n        Example:\n            >>> from selenium.webdriver.common.by import By\n            >>> from selenium.webdriver.support.ui import WebDriverWait\n            >>> from selenium.webdriver.support import expected_conditions as EC\n            >>>\n            >>> # Wait until an element is visible on the page\n            >>> wait = WebDriverWait(driver, 10)\n            >>> element = wait.until(EC.visibility_of_element_located((By.ID, \"exampleId\")))\n            >>> print(element.text)\n        \"\"\"\n        screen = None\n        stacktrace = None\n    \n        end_time = time.monotonic() + self._timeout\n        while True:\n            try:\n                value = method(self._driver)\n                if value:\n                    return value\n            except self._ignored_exceptions as exc:\n                screen = getattr(exc, \"screen\", None)\n                stacktrace = getattr(exc, \"stacktrace\", None)\n            if time.monotonic() > end_time:\n                break\n            time.sleep(self._poll)\n>       raise TimeoutException(message, screen, stacktrace)\nE       selenium.common.exceptions.TimeoutException: Message: \nE       Stacktrace:\nE       #0 0x559735d28afa <unknown>\nE       #1 0x55973574260f <unknown>\nE       #2 0x559735797a16 <unknown>\nE       #3 0x559735797c51 <unknown>\nE       #4 0x5597357e3404 <unknown>\nE       #5 0x5597357e062b <unknown>\nE       #6 0x559735789842 <unknown>\nE       #7 0x55973578a631 <unknown>\nE       #8 0x559735cee689 <unknown>\nE       #9 0x559735cf1581 <unknown>\nE       #10 0x559735cdaca9 <unknown>\nE       #11 0x559735cf213e <unknown>\nE       #12 0x559735cc13a0 <unknown>\nE       #13 0x559735d15fc8 <unknown>\nE       #14 0x559735d1619b <unknown>\nE       #15 0x559735d27e68 <unknown>\nE       #16 0x7f1bbfe9caa4 <unknown>\nE       #17 0x7f1bbff29c6c <unknown>\n\n/opt/hostedtoolcache/Python/3.13.11/x64/lib/python3.13/site-packages/selenium/webdriver/support/wait.py:121: TimeoutException","flaky":false,"newFailed":false,"newBroken":false,"newPassed":false,"retriesCount":0,"retriesStatusChange":false,"beforeStages":[{"name":"_xunit_setup_method_fixture_TestAuthenticationPage","time":{"start":1769904150749,"stop":1769904151037,"duration":288},"status":"passed","steps":[],"attachments":[],"parameters":[],"stepsCount":0,"shouldDisplayMessage":false,"attachmentsCount":0,"hasContent":false,"attachmentStep":false}],"afterStages":[{"name":"_xunit_setup_method_fixture_TestAuthenticationPage::0","time":{"start":1769904156828,"stop":1769904156911,"duration":83},"status":"passed","steps":[],"attachments":[],"parameters":[],"stepsCount":0,"shouldDisplayMessage":false,"attachmentsCount":0,"hasContent":false,"attachmentStep":false}],"labels":[{"name":"tag","value":"search"},{"name":"tag","value":"negative"},{"name":"tag","value":"keyword"},{"name":"parentSuite","value":"POM.test"},{"name":"suite","value":"test_keyword_search"},{"name":"subSuite","value":"TestAuthenticationPage"},{"name":"host","value":"runnervmkj6or"},{"name":"thread","value":"3624-MainThread"},{"name":"framework","value":"pytest"},{"name":"language","value":"cpython3"},{"name":"package","value":"POM.test.test_keyword_search"},{"name":"resultFormat","value":"allure2"}],"parameters":[],"links":[],"hidden":false,"retry":false,"extra":{"severity":"normal","retries":[],"categories":[{"name":"Test defects","matchedStatuses":[],"flaky":false}],"tags":["search","negative","keyword"]},"source":"56f503434285d894.json","parameterValues":[]}